[0m16:07:31.044519 [debug] [MainThread]: Sending event: {'category': 'dbt', 'action': 'invocation', 'label': 'start', 'context': [<snowplow_tracker.self_describing_json.SelfDescribingJson object at 0x00000204DBEC5CD0>, <snowplow_tracker.self_describing_json.SelfDescribingJson object at 0x00000204DECF77A0>, <snowplow_tracker.self_describing_json.SelfDescribingJson object at 0x00000204DFBA0C20>]}


============================== 16:07:31.050117 | ad6e0e66-0d02-4aa1-b91c-c9c26377ac3a ==============================
[0m16:07:31.050117 [info ] [MainThread]: Running with dbt=1.11.2
[0m16:07:31.051624 [debug] [MainThread]: running dbt with arguments {'static_parser': 'True', 'no_print': 'None', 'version_check': 'True', 'warn_error_options': 'WarnErrorOptionsV2(error=[], warn=[], silence=[])', 'target_path': 'None', 'printer_width': '80', 'write_json': 'True', 'introspect': 'True', 'log_cache_events': 'False', 'empty': 'None', 'cache_selected_only': 'False', 'log_format': 'default', 'debug': 'False', 'fail_fast': 'False', 'profiles_dir': 'C:\\Users\\anshl\\.dbt', 'send_anonymous_usage_stats': 'True', 'quiet': 'False', 'warn_error': 'None', 'partial_parse': 'True', 'use_colors': 'True', 'indirect_selection': 'eager', 'invocation_command': 'dbt init', 'use_experimental_parser': 'False', 'log_path': 'logs'}
[0m16:09:02.060688 [debug] [MainThread]: Starter project path: C:\AWS_DBT_Snowflake\.venv\Lib\site-packages\dbt\include\starter_project
[0m16:09:02.071742 [info ] [MainThread]: 
Your new dbt project "aws_dbt_snowflake_project" was created!

For more information on how to configure the profiles.yml file,
please consult the dbt documentation here:

  https://docs.getdbt.com/docs/configure-your-profile

One more thing:

Need help? Don't hesitate to reach out to us via GitHub issues or on Slack:

  https://community.getdbt.com/

Happy modeling!

[0m16:09:02.073245 [info ] [MainThread]: Setting up your profile.
[0m16:09:22.704560 [debug] [MainThread]: Snowflake adapter: Setting snowflake.connector to ERROR (file logging only)
[0m16:09:22.705566 [debug] [MainThread]: Snowflake adapter: Setting botocore to ERROR (file logging only)
[0m16:09:22.705566 [debug] [MainThread]: Snowflake adapter: Setting boto3 to ERROR (file logging only)
[0m16:11:24.014067 [info ] [MainThread]: Profile aws_dbt_snowflake_project written to C:\Users\anshl\.dbt\profiles.yml using target's profile_template.yml and your supplied values. Run 'dbt debug' to validate the connection.
[0m16:11:24.015575 [debug] [MainThread]: Command `dbt init` succeeded at 16:11:24.015575 after 233.11 seconds
[0m16:11:24.015575 [debug] [MainThread]: Sending event: {'category': 'dbt', 'action': 'invocation', 'label': 'end', 'context': [<snowplow_tracker.self_describing_json.SelfDescribingJson object at 0x00000204DC726DB0>, <snowplow_tracker.self_describing_json.SelfDescribingJson object at 0x00000204DFCD9C40>, <snowplow_tracker.self_describing_json.SelfDescribingJson object at 0x00000204DFD07140>]}
[0m16:11:24.015575 [debug] [MainThread]: Flushing usage events
[0m16:11:24.557886 [debug] [MainThread]: An error was encountered while trying to flush usage events
[0m16:50:42.709892 [debug] [MainThread]: Sending event: {'category': 'dbt', 'action': 'invocation', 'label': 'start', 'context': [<snowplow_tracker.self_describing_json.SelfDescribingJson object at 0x00000225CC284950>, <snowplow_tracker.self_describing_json.SelfDescribingJson object at 0x00000225D0026AE0>, <snowplow_tracker.self_describing_json.SelfDescribingJson object at 0x00000225D00269F0>]}


============================== 16:50:42.717439 | 5d79dc55-a3cb-40a8-832d-5bb7c6e64578 ==============================
[0m16:50:42.717439 [info ] [MainThread]: Running with dbt=1.11.2
[0m16:50:42.718439 [debug] [MainThread]: running dbt with arguments {'static_parser': 'True', 'no_print': 'None', 'version_check': 'True', 'warn_error_options': 'WarnErrorOptionsV2(error=[], warn=[], silence=[])', 'target_path': 'None', 'printer_width': '80', 'write_json': 'True', 'introspect': 'True', 'log_cache_events': 'False', 'empty': 'False', 'cache_selected_only': 'False', 'fail_fast': 'False', 'debug': 'False', 'log_format': 'default', 'profiles_dir': 'C:\\Users\\anshl\\.dbt', 'send_anonymous_usage_stats': 'True', 'quiet': 'False', 'warn_error': 'None', 'partial_parse': 'True', 'use_colors': 'True', 'invocation_command': 'dbt run --select models/demo', 'indirect_selection': 'eager', 'use_experimental_parser': 'False', 'log_path': 'logs'}
[0m16:50:42.719442 [error] [MainThread]: Encountered an error:
Runtime Error
  No dbt_project.yml found at expected path C:\AWS_DBT_Snowflake\dbt_project.yml
  Verify that each entry within packages.yml (and their transitive dependencies) contains a file named dbt_project.yml
  
[0m16:50:42.720440 [debug] [MainThread]: Command `dbt run` failed at 16:50:42.720440 after 0.31 seconds
[0m16:50:42.721442 [debug] [MainThread]: Sending event: {'category': 'dbt', 'action': 'invocation', 'label': 'end', 'context': [<snowplow_tracker.self_describing_json.SelfDescribingJson object at 0x00000225D0D3BF50>, <snowplow_tracker.self_describing_json.SelfDescribingJson object at 0x00000225CFF9D400>, <snowplow_tracker.self_describing_json.SelfDescribingJson object at 0x00000225CC284950>]}
[0m16:50:42.721442 [debug] [MainThread]: Flushing usage events
[0m16:50:43.524868 [debug] [MainThread]: An error was encountered while trying to flush usage events
[0m17:18:35.010486 [debug] [MainThread]: Sending event: {'category': 'dbt', 'action': 'invocation', 'label': 'start', 'context': [<snowplow_tracker.self_describing_json.SelfDescribingJson object at 0x00000219F094F680>, <snowplow_tracker.self_describing_json.SelfDescribingJson object at 0x00000219EE376420>, <snowplow_tracker.self_describing_json.SelfDescribingJson object at 0x00000219EEF40A40>]}


============================== 17:18:35.016142 | 7442f791-f5b4-4a4d-b1c1-77b064c5c6de ==============================
[0m17:18:35.016142 [info ] [MainThread]: Running with dbt=1.11.2
[0m17:18:35.017158 [debug] [MainThread]: running dbt with arguments {'version_check': 'True', 'no_print': 'None', 'static_parser': 'True', 'warn_error_options': 'WarnErrorOptionsV2(error=[], warn=[], silence=[])', 'target_path': 'None', 'printer_width': '80', 'write_json': 'True', 'introspect': 'True', 'log_cache_events': 'False', 'empty': 'False', 'cache_selected_only': 'False', 'fail_fast': 'False', 'debug': 'False', 'log_format': 'default', 'profiles_dir': 'C:\\Users\\anshl\\.dbt', 'send_anonymous_usage_stats': 'True', 'quiet': 'False', 'warn_error': 'None', 'partial_parse': 'True', 'use_colors': 'True', 'invocation_command': 'dbt compile', 'indirect_selection': 'eager', 'use_experimental_parser': 'False', 'log_path': 'logs'}
[0m17:18:35.018158 [error] [MainThread]: Encountered an error:
Runtime Error
  No dbt_project.yml found at expected path C:\AWS_DBT_Snowflake\dbt_project.yml
  Verify that each entry within packages.yml (and their transitive dependencies) contains a file named dbt_project.yml
  
[0m17:18:35.019155 [debug] [MainThread]: Command `dbt compile` failed at 17:18:35.019155 after 0.48 seconds
[0m17:18:35.019155 [debug] [MainThread]: Sending event: {'category': 'dbt', 'action': 'invocation', 'label': 'end', 'context': [<snowplow_tracker.self_describing_json.SelfDescribingJson object at 0x00000219F0970B90>, <snowplow_tracker.self_describing_json.SelfDescribingJson object at 0x00000219F1035CD0>, <snowplow_tracker.self_describing_json.SelfDescribingJson object at 0x00000219F094F680>]}
[0m17:18:35.020158 [debug] [MainThread]: Flushing usage events
[0m17:18:35.745319 [debug] [MainThread]: An error was encountered while trying to flush usage events
[0m18:20:08.694234 [debug] [MainThread]: Sending event: {'category': 'dbt', 'action': 'invocation', 'label': 'start', 'context': [<snowplow_tracker.self_describing_json.SelfDescribingJson object at 0x000001CF27C61C10>, <snowplow_tracker.self_describing_json.SelfDescribingJson object at 0x000001CF27C62D80>, <snowplow_tracker.self_describing_json.SelfDescribingJson object at 0x000001CF27C61010>]}


============================== 18:20:08.698290 | f93df97c-8f72-43b1-a429-e4a79a6a8e56 ==============================
[0m18:20:08.698290 [info ] [MainThread]: Running with dbt=1.11.2
[0m18:20:08.699292 [debug] [MainThread]: running dbt with arguments {'static_parser': 'True', 'no_print': 'None', 'version_check': 'True', 'target_path': 'None', 'warn_error_options': 'WarnErrorOptionsV2(error=[], warn=[], silence=[])', 'printer_width': '80', 'write_json': 'True', 'introspect': 'True', 'log_cache_events': 'False', 'empty': 'False', 'cache_selected_only': 'False', 'log_format': 'default', 'debug': 'False', 'fail_fast': 'False', 'partial_parse': 'True', 'send_anonymous_usage_stats': 'True', 'quiet': 'False', 'warn_error': 'None', 'profiles_dir': 'C:\\Users\\anshl\\.dbt', 'invocation_command': 'dbt compile', 'use_colors': 'True', 'indirect_selection': 'eager', 'use_experimental_parser': 'False', 'log_path': 'logs'}
[0m18:20:08.699292 [error] [MainThread]: Encountered an error:
Runtime Error
  No dbt_project.yml found at expected path C:\AWS_DBT_Snowflake\dbt_project.yml
  Verify that each entry within packages.yml (and their transitive dependencies) contains a file named dbt_project.yml
  
[0m18:20:08.700290 [debug] [MainThread]: Command `dbt compile` failed at 18:20:08.700290 after 0.12 seconds
[0m18:20:08.700290 [debug] [MainThread]: Sending event: {'category': 'dbt', 'action': 'invocation', 'label': 'end', 'context': [<snowplow_tracker.self_describing_json.SelfDescribingJson object at 0x000001CF27C61C10>, <snowplow_tracker.self_describing_json.SelfDescribingJson object at 0x000001CF27C62A80>, <snowplow_tracker.self_describing_json.SelfDescribingJson object at 0x000001CF27C60140>]}
[0m18:20:08.701290 [debug] [MainThread]: Flushing usage events
[0m18:20:09.169596 [debug] [MainThread]: An error was encountered while trying to flush usage events
[0m19:58:53.681573 [debug] [MainThread]: Sending event: {'category': 'dbt', 'action': 'invocation', 'label': 'start', 'context': [<snowplow_tracker.self_describing_json.SelfDescribingJson object at 0x000001DF0D443AA0>, <snowplow_tracker.self_describing_json.SelfDescribingJson object at 0x000001DF0A6E6B40>, <snowplow_tracker.self_describing_json.SelfDescribingJson object at 0x000001DF0D442330>]}


============================== 19:58:53.687240 | 09bd82db-1653-4f3e-811f-f7112b567558 ==============================
[0m19:58:53.687240 [info ] [MainThread]: Running with dbt=1.11.2
[0m19:58:53.688212 [debug] [MainThread]: running dbt with arguments {'static_parser': 'True', 'no_print': 'None', 'version_check': 'True', 'warn_error_options': 'WarnErrorOptionsV2(error=[], warn=[], silence=[])', 'target_path': 'None', 'printer_width': '80', 'write_json': 'True', 'introspect': 'True', 'log_cache_events': 'False', 'empty': 'False', 'cache_selected_only': 'False', 'log_format': 'default', 'debug': 'False', 'fail_fast': 'False', 'profiles_dir': 'C:\\Users\\anshl\\.dbt', 'send_anonymous_usage_stats': 'True', 'quiet': 'False', 'warn_error': 'None', 'partial_parse': 'True', 'invocation_command': 'dbt compile', 'indirect_selection': 'eager', 'use_colors': 'True', 'use_experimental_parser': 'False', 'log_path': 'logs'}
[0m19:58:53.688212 [error] [MainThread]: Encountered an error:
Runtime Error
  No dbt_project.yml found at expected path C:\AWS_DBT_Snowflake\dbt_project.yml
  Verify that each entry within packages.yml (and their transitive dependencies) contains a file named dbt_project.yml
  
[0m19:58:53.689912 [debug] [MainThread]: Command `dbt compile` failed at 19:58:53.689236 after 0.23 seconds
[0m19:58:53.689912 [debug] [MainThread]: Sending event: {'category': 'dbt', 'action': 'invocation', 'label': 'end', 'context': [<snowplow_tracker.self_describing_json.SelfDescribingJson object at 0x000001DF0DA9D550>, <snowplow_tracker.self_describing_json.SelfDescribingJson object at 0x000001DF0A6E6B40>, <snowplow_tracker.self_describing_json.SelfDescribingJson object at 0x000001DF0DC2EDE0>]}
[0m19:58:53.689912 [debug] [MainThread]: Flushing usage events
[0m19:58:54.183798 [debug] [MainThread]: An error was encountered while trying to flush usage events
[0m20:26:26.251221 [debug] [MainThread]: Sending event: {'category': 'dbt', 'action': 'invocation', 'label': 'start', 'context': [<snowplow_tracker.self_describing_json.SelfDescribingJson object at 0x0000028BE729E330>, <snowplow_tracker.self_describing_json.SelfDescribingJson object at 0x0000028BE77F5A30>, <snowplow_tracker.self_describing_json.SelfDescribingJson object at 0x0000028BE6F0C470>]}


============================== 20:26:26.254271 | a53103a9-40ff-402b-bb63-94c575afeec3 ==============================
[0m20:26:26.254271 [info ] [MainThread]: Running with dbt=1.11.2
[0m20:26:26.254271 [debug] [MainThread]: running dbt with arguments {'version_check': 'True', 'no_print': 'None', 'static_parser': 'True', 'warn_error_options': 'WarnErrorOptionsV2(error=[], warn=[], silence=[])', 'target_path': 'None', 'printer_width': '80', 'write_json': 'True', 'introspect': 'True', 'log_cache_events': 'False', 'empty': 'False', 'cache_selected_only': 'False', 'log_format': 'default', 'debug': 'False', 'fail_fast': 'False', 'partial_parse': 'True', 'send_anonymous_usage_stats': 'True', 'quiet': 'False', 'warn_error': 'None', 'profiles_dir': 'C:\\Users\\anshl\\.dbt', 'use_colors': 'True', 'invocation_command': 'dbt compile', 'indirect_selection': 'eager', 'use_experimental_parser': 'False', 'log_path': 'logs'}
[0m20:26:26.255689 [error] [MainThread]: Encountered an error:
Runtime Error
  No dbt_project.yml found at expected path C:\AWS_DBT_Snowflake\dbt_project.yml
  Verify that each entry within packages.yml (and their transitive dependencies) contains a file named dbt_project.yml
  
[0m20:26:26.256693 [debug] [MainThread]: Command `dbt compile` failed at 20:26:26.255689 after 0.23 seconds
[0m20:26:26.256693 [debug] [MainThread]: Sending event: {'category': 'dbt', 'action': 'invocation', 'label': 'end', 'context': [<snowplow_tracker.self_describing_json.SelfDescribingJson object at 0x0000028BE7076540>, <snowplow_tracker.self_describing_json.SelfDescribingJson object at 0x0000028BE44230B0>, <snowplow_tracker.self_describing_json.SelfDescribingJson object at 0x0000028BE71A4B00>]}
[0m20:26:26.256693 [debug] [MainThread]: Flushing usage events
[0m20:26:26.714730 [debug] [MainThread]: An error was encountered while trying to flush usage events
[0m10:14:05.645501 [debug] [MainThread]: Sending event: {'category': 'dbt', 'action': 'invocation', 'label': 'start', 'context': [<snowplow_tracker.self_describing_json.SelfDescribingJson object at 0x00000140A851AE70>, <snowplow_tracker.self_describing_json.SelfDescribingJson object at 0x00000140AB2AE870>, <snowplow_tracker.self_describing_json.SelfDescribingJson object at 0x00000140AB2AE900>]}


============================== 10:14:05.648053 | dc9f9057-a46e-4a65-b298-7787a8dc51d0 ==============================
[0m10:14:05.648053 [info ] [MainThread]: Running with dbt=1.11.2
[0m10:14:05.649066 [debug] [MainThread]: running dbt with arguments {'version_check': 'True', 'no_print': 'None', 'static_parser': 'True', 'target_path': 'None', 'warn_error_options': 'WarnErrorOptionsV2(error=[], warn=[], silence=[])', 'printer_width': '80', 'write_json': 'True', 'introspect': 'True', 'log_cache_events': 'False', 'empty': 'None', 'cache_selected_only': 'False', 'fail_fast': 'False', 'debug': 'False', 'log_format': 'default', 'partial_parse': 'True', 'send_anonymous_usage_stats': 'True', 'quiet': 'False', 'warn_error': 'None', 'profiles_dir': 'C:\\Users\\anshl\\.dbt', 'indirect_selection': 'eager', 'invocation_command': 'dbt ', 'use_colors': 'True', 'use_experimental_parser': 'False', 'log_path': 'c:\\AWS_DBT_Snowflake\\logs'}
[0m10:14:05.745993 [debug] [MainThread]: Sending event: {'category': 'dbt', 'action': 'project_id', 'label': 'dc9f9057-a46e-4a65-b298-7787a8dc51d0', 'context': [<snowplow_tracker.self_describing_json.SelfDescribingJson object at 0x00000140AB7D6570>]}
[0m10:14:05.761553 [info ] [MainThread]: Warning: No packages were found in packages.yml
[0m10:14:05.762553 [info ] [MainThread]: Warning: No packages were found in packages.yml
[0m10:14:05.763555 [debug] [MainThread]: Command `cli deps` succeeded at 10:14:05.763555 after 0.22 seconds
[0m10:14:05.763555 [debug] [MainThread]: Sending event: {'category': 'dbt', 'action': 'invocation', 'label': 'end', 'context': [<snowplow_tracker.self_describing_json.SelfDescribingJson object at 0x00000140ACBC6B40>, <snowplow_tracker.self_describing_json.SelfDescribingJson object at 0x00000140ACBC66F0>, <snowplow_tracker.self_describing_json.SelfDescribingJson object at 0x00000140AA15FFB0>]}
[0m10:14:05.763555 [debug] [MainThread]: Flushing usage events
[0m10:14:06.229702 [debug] [MainThread]: An error was encountered while trying to flush usage events
